<?xml version="1.0" encoding="UTF-8"?>
<coverage generated="1768283149584" clover="3.2.0">
  <project timestamp="1768283149584" name="All files">
    <metrics statements="81" coveredstatements="29" conditionals="90" coveredconditionals="45" methods="37" coveredmethods="12" elements="208" coveredelements="86" complexity="0" loc="81" ncloc="81" packages="7" files="10" classes="10"/>
    <package name="src">
      <metrics statements="9" coveredstatements="5" conditionals="6" coveredconditionals="3" methods="3" coveredmethods="1"/>
      <file name="App.tsx" path="/Users/rkshah20/side-projects/carla-shadow-driver/v2/src/App.tsx">
        <metrics statements="9" coveredstatements="5" conditionals="6" coveredconditionals="3" methods="3" coveredmethods="1"/>
        <line num="11" count="4" type="stmt"/>
        <line num="12" count="4" type="stmt"/>
        <line num="14" count="4" type="stmt"/>
        <line num="15" count="0" type="stmt"/>
        <line num="17" count="0" type="stmt"/>
        <line num="20" count="4" type="stmt"/>
        <line num="21" count="0" type="stmt"/>
        <line num="22" count="0" type="stmt"/>
        <line num="25" count="4" type="stmt"/>
      </file>
    </package>
    <package name="src.components.common">
      <metrics statements="12" coveredstatements="7" conditionals="29" coveredconditionals="12" methods="7" coveredmethods="2"/>
      <file name="Button.tsx" path="/Users/rkshah20/side-projects/carla-shadow-driver/v2/src/components/common/Button.tsx">
        <metrics statements="3" coveredstatements="3" conditionals="15" coveredconditionals="8" methods="1" coveredmethods="1"/>
        <line num="16" count="1" type="stmt"/>
        <line num="47" count="1" type="stmt"/>
        <line num="65" count="4" type="stmt"/>
      </file>
      <file name="Card.tsx" path="/Users/rkshah20/side-projects/carla-shadow-driver/v2/src/components/common/Card.tsx">
        <metrics statements="9" coveredstatements="4" conditionals="14" coveredconditionals="4" methods="6" coveredmethods="1"/>
        <line num="13" count="1" type="stmt"/>
        <line num="41" count="1" type="stmt"/>
        <line num="49" count="1" type="stmt"/>
        <line num="65" count="8" type="stmt"/>
        <line num="91" count="0" type="stmt"/>
        <line num="104" count="0" type="stmt"/>
        <line num="117" count="0" type="stmt"/>
        <line num="130" count="0" type="stmt"/>
        <line num="143" count="0" type="stmt"/>
      </file>
    </package>
    <package name="src.components.game">
      <metrics statements="9" coveredstatements="0" conditionals="6" coveredconditionals="0" methods="3" coveredmethods="0"/>
      <file name="GameContainer.tsx" path="/Users/rkshah20/side-projects/carla-shadow-driver/v2/src/components/game/GameContainer.tsx">
        <metrics statements="9" coveredstatements="0" conditionals="6" coveredconditionals="0" methods="3" coveredmethods="0"/>
        <line num="17" count="0" type="stmt"/>
        <line num="18" count="0" type="stmt"/>
        <line num="20" count="0" type="stmt"/>
        <line num="22" count="0" type="cond" truecount="0" falsecount="4"/>
        <line num="25" count="0" type="stmt"/>
        <line num="32" count="0" type="stmt"/>
        <line num="33" count="0" type="stmt"/>
        <line num="34" count="0" type="stmt"/>
        <line num="38" count="0" type="stmt"/>
      </file>
    </package>
    <package name="src.components.layout">
      <metrics statements="8" coveredstatements="7" conditionals="21" coveredconditionals="16" methods="5" coveredmethods="4"/>
      <file name="Footer.tsx" path="/Users/rkshah20/side-projects/carla-shadow-driver/v2/src/components/layout/Footer.tsx">
        <metrics statements="3" coveredstatements="3" conditionals="8" coveredconditionals="4" methods="1" coveredmethods="1"/>
        <line num="7" count="4" type="stmt"/>
        <line num="25" count="4" type="stmt"/>
        <line num="27" count="4" type="stmt"/>
      </file>
      <file name="Header.tsx" path="/Users/rkshah20/side-projects/carla-shadow-driver/v2/src/components/layout/Header.tsx">
        <metrics statements="4" coveredstatements="3" conditionals="6" coveredconditionals="6" methods="3" coveredmethods="2"/>
        <line num="8" count="4" type="stmt"/>
        <line num="10" count="4" type="stmt"/>
        <line num="66" count="0" type="stmt"/>
        <line num="102" count="12" type="stmt"/>
      </file>
      <file name="Layout.tsx" path="/Users/rkshah20/side-projects/carla-shadow-driver/v2/src/components/layout/Layout.tsx">
        <metrics statements="1" coveredstatements="1" conditionals="7" coveredconditionals="6" methods="1" coveredmethods="1"/>
        <line num="18" count="4" type="stmt"/>
      </file>
    </package>
    <package name="src.components.menu">
      <metrics statements="18" coveredstatements="10" conditionals="22" coveredconditionals="14" methods="12" coveredmethods="5"/>
      <file name="MainMenu.tsx" path="/Users/rkshah20/side-projects/carla-shadow-driver/v2/src/components/menu/MainMenu.tsx">
        <metrics statements="18" coveredstatements="10" conditionals="22" coveredconditionals="14" methods="12" coveredmethods="5"/>
        <line num="12" count="4" type="stmt"/>
        <line num="13" count="4" type="stmt"/>
        <line num="15" count="4" type="stmt"/>
        <line num="16" count="0" type="stmt"/>
        <line num="17" count="0" type="stmt"/>
        <line num="20" count="4" type="stmt"/>
        <line num="66" count="0" type="stmt"/>
        <line num="67" count="0" type="stmt"/>
        <line num="68" count="0" type="stmt"/>
        <line num="82" count="0" type="stmt"/>
        <line num="83" count="0" type="stmt"/>
        <line num="84" count="0" type="stmt"/>
        <line num="142" count="8" type="stmt"/>
        <line num="169" count="8" type="stmt"/>
        <line num="171" count="8" type="stmt"/>
        <line num="223" count="24" type="stmt"/>
        <line num="254" count="4" type="stmt"/>
        <line num="273" count="4" type="stmt"/>
      </file>
    </package>
    <package name="src.game">
      <metrics statements="4" coveredstatements="0" conditionals="6" coveredconditionals="0" methods="2" coveredmethods="0"/>
      <file name="PhaserGame.ts" path="/Users/rkshah20/side-projects/carla-shadow-driver/v2/src/game/PhaserGame.ts">
        <metrics statements="4" coveredstatements="0" conditionals="6" coveredconditionals="0" methods="2" coveredmethods="0"/>
        <line num="18" count="0" type="stmt"/>
        <line num="38" count="0" type="stmt"/>
        <line num="42" count="0" type="cond" truecount="0" falsecount="2"/>
        <line num="43" count="0" type="stmt"/>
      </file>
    </package>
    <package name="src.game.scenes">
      <metrics statements="21" coveredstatements="0" conditionals="0" coveredconditionals="0" methods="5" coveredmethods="0"/>
      <file name="BootScene.ts" path="/Users/rkshah20/side-projects/carla-shadow-driver/v2/src/game/scenes/BootScene.ts">
        <metrics statements="21" coveredstatements="0" conditionals="0" coveredconditionals="0" methods="5" coveredmethods="0"/>
        <line num="13" count="0" type="stmt"/>
        <line num="18" count="0" type="stmt"/>
        <line num="19" count="0" type="stmt"/>
        <line num="20" count="0" type="stmt"/>
        <line num="21" count="0" type="stmt"/>
        <line num="29" count="0" type="stmt"/>
        <line num="38" count="0" type="stmt"/>
        <line num="41" count="0" type="stmt"/>
        <line num="50" count="0" type="stmt"/>
        <line num="53" count="0" type="stmt"/>
        <line num="54" count="0" type="stmt"/>
        <line num="55" count="0" type="stmt"/>
        <line num="56" count="0" type="stmt"/>
        <line num="57" count="0" type="stmt"/>
        <line num="65" count="0" type="stmt"/>
        <line num="66" count="0" type="stmt"/>
        <line num="67" count="0" type="stmt"/>
        <line num="68" count="0" type="stmt"/>
        <line num="69" count="0" type="stmt"/>
        <line num="81" count="0" type="stmt"/>
        <line num="91" count="0" type="stmt"/>
      </file>
    </package>
  </project>
</coverage>
