{"/Users/rkshah20/side-projects/carla-shadow-driver/v2/src/App.tsx": {"path":"/Users/rkshah20/side-projects/carla-shadow-driver/v2/src/App.tsx","statementMap":{"0":{"start":{"line":11,"column":40},"end":{"line":11,"column":65}},"1":{"start":{"line":12,"column":42},"end":{"line":12,"column":73}},"2":{"start":{"line":14,"column":27},"end":{"line":18,"column":3}},"3":{"start":{"line":15,"column":4},"end":{"line":15,"column":26}},"4":{"start":{"line":17,"column":4},"end":{"line":17,"column":27}},"5":{"start":{"line":20,"column":27},"end":{"line":23,"column":3}},"6":{"start":{"line":21,"column":4},"end":{"line":21,"column":27}},"7":{"start":{"line":22,"column":4},"end":{"line":22,"column":26}},"8":{"start":{"line":25,"column":2},"end":{"line":58,"column":4}}},"fnMap":{"0":{"name":"App","decl":{"start":{"line":10,"column":9},"end":{"line":10,"column":12}},"loc":{"start":{"line":10,"column":12},"end":{"line":59,"column":1}}},"1":{"name":"(anonymous_1)","decl":{"start":{"line":14,"column":27},"end":{"line":14,"column":28}},"loc":{"start":{"line":14,"column":46},"end":{"line":18,"column":3}}},"2":{"name":"(anonymous_2)","decl":{"start":{"line":20,"column":27},"end":{"line":20,"column":30}},"loc":{"start":{"line":20,"column":32},"end":{"line":23,"column":3}}}},"branchMap":{"0":{"loc":{"start":{"line":27,"column":7},"end":{"line":28,"column":null}},"type":"binary-expr","locations":[{"start":{"line":27,"column":7},"end":{"line":27,"column":29}},{"start":{"line":28,"column":8},"end":{"line":28,"column":52}}]},"1":{"loc":{"start":{"line":31,"column":7},"end":{"line":55,"column":null}},"type":"binary-expr","locations":[{"start":{"line":31,"column":7},"end":{"line":31,"column":29}},{"start":{"line":32,"column":8},"end":{"line":54,"column":null}}]},"2":{"loc":{"start":{"line":50,"column":53},"end":{"line":50,"column":116}},"type":"cond-expr","locations":[{"start":{"line":50,"column":87},"end":{"line":50,"column":101}},{"start":{"line":50,"column":104},"end":{"line":50,"column":116}}]}},"s":{"0":4,"1":4,"2":4,"3":0,"4":0,"5":4,"6":0,"7":0,"8":4},"f":{"0":4,"1":0,"2":0},"b":{"0":[4,4],"1":[4,0],"2":[0,0]}}
,"/Users/rkshah20/side-projects/carla-shadow-driver/v2/src/components/common/Button.tsx": {"path":"/Users/rkshah20/side-projects/carla-shadow-driver/v2/src/components/common/Button.tsx","statementMap":{"0":{"start":{"line":16,"column":53},"end":{"line":45,"column":2}},"1":{"start":{"line":47,"column":47},"end":{"line":51,"column":2}},"2":{"start":{"line":65,"column":2},"end":{"line":110,"column":4}}},"fnMap":{"0":{"name":"Button","decl":{"start":{"line":53,"column":16},"end":{"line":53,"column":22}},"loc":{"start":{"line":64,"column":14},"end":{"line":111,"column":1}}}},"branchMap":{"0":{"loc":{"start":{"line":55,"column":2},"end":{"line":55,"column":21}},"type":"default-arg","locations":[{"start":{"line":55,"column":12},"end":{"line":55,"column":21}}]},"1":{"loc":{"start":{"line":56,"column":2},"end":{"line":56,"column":13}},"type":"default-arg","locations":[{"start":{"line":56,"column":9},"end":{"line":56,"column":13}}]},"2":{"loc":{"start":{"line":57,"column":2},"end":{"line":57,"column":19}},"type":"default-arg","locations":[{"start":{"line":57,"column":14},"end":{"line":57,"column":19}}]},"3":{"loc":{"start":{"line":60,"column":2},"end":{"line":60,"column":19}},"type":"default-arg","locations":[{"start":{"line":60,"column":14},"end":{"line":60,"column":19}}]},"4":{"loc":{"start":{"line":61,"column":2},"end":{"line":61,"column":16}},"type":"default-arg","locations":[{"start":{"line":61,"column":14},"end":{"line":61,"column":16}}]},"5":{"loc":{"start":{"line":75,"column":10},"end":{"line":75,"column":35}},"type":"cond-expr","locations":[{"start":{"line":75,"column":22},"end":{"line":75,"column":30}},{"start":{"line":75,"column":33},"end":{"line":75,"column":35}}]},"6":{"loc":{"start":{"line":78,"column":16},"end":{"line":78,"column":37}},"type":"binary-expr","locations":[{"start":{"line":78,"column":16},"end":{"line":78,"column":24}},{"start":{"line":78,"column":28},"end":{"line":78,"column":37}}]},"7":{"loc":{"start":{"line":81,"column":7},"end":{"line":107,"column":null}},"type":"cond-expr","locations":[{"start":{"line":82,"column":8},"end":{"line":100,"column":null}},{"start":{"line":103,"column":8},"end":{"line":106,"column":null}}]},"8":{"loc":{"start":{"line":104,"column":11},"end":{"line":104,"column":72}},"type":"binary-expr","locations":[{"start":{"line":104,"column":11},"end":{"line":104,"column":19}},{"start":{"line":104,"column":23},"end":{"line":104,"column":72}}]},"9":{"loc":{"start":{"line":106,"column":11},"end":{"line":106,"column":74}},"type":"binary-expr","locations":[{"start":{"line":106,"column":11},"end":{"line":106,"column":20}},{"start":{"line":106,"column":24},"end":{"line":106,"column":74}}]}},"s":{"0":1,"1":1,"2":4},"f":{"0":4},"b":{"0":[0],"1":[0],"2":[4],"3":[4],"4":[0],"5":[0,4],"6":[4,0],"7":[0,4],"8":[4,0],"9":[4,4]}}
,"/Users/rkshah20/side-projects/carla-shadow-driver/v2/src/components/common/Card.tsx": {"path":"/Users/rkshah20/side-projects/carla-shadow-driver/v2/src/components/common/Card.tsx","statementMap":{"0":{"start":{"line":13,"column":51},"end":{"line":39,"column":2}},"1":{"start":{"line":41,"column":48},"end":{"line":47,"column":2}},"2":{"start":{"line":49,"column":22},"end":{"line":54,"column":2}},"3":{"start":{"line":65,"column":2},"end":{"line":81,"column":4}},"4":{"start":{"line":91,"column":2},"end":{"line":95,"column":4}},"5":{"start":{"line":104,"column":2},"end":{"line":108,"column":4}},"6":{"start":{"line":117,"column":2},"end":{"line":121,"column":4}},"7":{"start":{"line":130,"column":2},"end":{"line":134,"column":4}},"8":{"start":{"line":143,"column":2},"end":{"line":147,"column":4}}},"fnMap":{"0":{"name":"Card","decl":{"start":{"line":56,"column":16},"end":{"line":56,"column":20}},"loc":{"start":{"line":64,"column":12},"end":{"line":82,"column":1}}},"1":{"name":"CardHeader","decl":{"start":{"line":90,"column":16},"end":{"line":90,"column":26}},"loc":{"start":{"line":90,"column":72},"end":{"line":96,"column":1}}},"2":{"name":"CardTitle","decl":{"start":{"line":103,"column":16},"end":{"line":103,"column":25}},"loc":{"start":{"line":103,"column":70},"end":{"line":109,"column":1}}},"3":{"name":"CardDescription","decl":{"start":{"line":116,"column":16},"end":{"line":116,"column":31}},"loc":{"start":{"line":116,"column":82},"end":{"line":122,"column":1}}},"4":{"name":"CardContent","decl":{"start":{"line":129,"column":16},"end":{"line":129,"column":27}},"loc":{"start":{"line":129,"column":74},"end":{"line":135,"column":1}}},"5":{"name":"CardFooter","decl":{"start":{"line":142,"column":16},"end":{"line":142,"column":26}},"loc":{"start":{"line":142,"column":72},"end":{"line":148,"column":1}}}},"branchMap":{"0":{"loc":{"start":{"line":58,"column":2},"end":{"line":58,"column":21}},"type":"default-arg","locations":[{"start":{"line":58,"column":12},"end":{"line":58,"column":21}}]},"1":{"loc":{"start":{"line":59,"column":2},"end":{"line":59,"column":19}},"type":"default-arg","locations":[{"start":{"line":59,"column":14},"end":{"line":59,"column":19}}]},"2":{"loc":{"start":{"line":60,"column":2},"end":{"line":60,"column":21}},"type":"default-arg","locations":[{"start":{"line":60,"column":16},"end":{"line":60,"column":21}}]},"3":{"loc":{"start":{"line":61,"column":2},"end":{"line":61,"column":16}},"type":"default-arg","locations":[{"start":{"line":61,"column":12},"end":{"line":61,"column":16}}]},"4":{"loc":{"start":{"line":62,"column":2},"end":{"line":62,"column":16}},"type":"default-arg","locations":[{"start":{"line":62,"column":14},"end":{"line":62,"column":16}}]},"5":{"loc":{"start":{"line":73,"column":10},"end":{"line":73,"column":77}},"type":"cond-expr","locations":[{"start":{"line":73,"column":22},"end":{"line":73,"column":72}},{"start":{"line":73,"column":75},"end":{"line":73,"column":77}}]},"6":{"loc":{"start":{"line":74,"column":10},"end":{"line":74,"column":48}},"type":"cond-expr","locations":[{"start":{"line":74,"column":24},"end":{"line":74,"column":43}},{"start":{"line":74,"column":46},"end":{"line":74,"column":48}}]},"7":{"loc":{"start":{"line":90,"column":39},"end":{"line":90,"column":53}},"type":"default-arg","locations":[{"start":{"line":90,"column":51},"end":{"line":90,"column":53}}]},"8":{"loc":{"start":{"line":103,"column":38},"end":{"line":103,"column":52}},"type":"default-arg","locations":[{"start":{"line":103,"column":50},"end":{"line":103,"column":52}}]},"9":{"loc":{"start":{"line":116,"column":44},"end":{"line":116,"column":58}},"type":"default-arg","locations":[{"start":{"line":116,"column":56},"end":{"line":116,"column":58}}]},"10":{"loc":{"start":{"line":129,"column":40},"end":{"line":129,"column":54}},"type":"default-arg","locations":[{"start":{"line":129,"column":52},"end":{"line":129,"column":54}}]},"11":{"loc":{"start":{"line":142,"column":39},"end":{"line":142,"column":53}},"type":"default-arg","locations":[{"start":{"line":142,"column":51},"end":{"line":142,"column":53}}]}},"s":{"0":1,"1":1,"2":1,"3":8,"4":0,"5":0,"6":0,"7":0,"8":0},"f":{"0":8,"1":0,"2":0,"3":0,"4":0,"5":0},"b":{"0":[0],"1":[8],"2":[8],"3":[0],"4":[0],"5":[0,8],"6":[0,8],"7":[0],"8":[0],"9":[0],"10":[0],"11":[0]}}
,"/Users/rkshah20/side-projects/carla-shadow-driver/v2/src/components/game/GameContainer.tsx": {"path":"/Users/rkshah20/side-projects/carla-shadow-driver/v2/src/components/game/GameContainer.tsx","statementMap":{"0":{"start":{"line":17,"column":18},"end":{"line":17,"column":50}},"1":{"start":{"line":18,"column":23},"end":{"line":18,"column":51}},"2":{"start":{"line":20,"column":2},"end":{"line":36,"column":22}},"3":{"start":{"line":22,"column":4},"end":{"line":22,"column":57}},"4":{"start":{"line":22,"column":50},"end":{"line":22,"column":57}},"5":{"start":{"line":25,"column":4},"end":{"line":29,"column":7}},"6":{"start":{"line":32,"column":4},"end":{"line":35,"column":6}},"7":{"start":{"line":33,"column":6},"end":{"line":33,"column":41}},"8":{"start":{"line":34,"column":6},"end":{"line":34,"column":29}},"9":{"start":{"line":38,"column":2},"end":{"line":47,"column":4}}},"fnMap":{"0":{"name":"GameContainer","decl":{"start":{"line":16,"column":16},"end":{"line":16,"column":29}},"loc":{"start":{"line":16,"column":79},"end":{"line":48,"column":1}}},"1":{"name":"(anonymous_1)","decl":{"start":{"line":20,"column":12},"end":{"line":20,"column":15}},"loc":{"start":{"line":20,"column":17},"end":{"line":36,"column":3}}},"2":{"name":"(anonymous_2)","decl":{"start":{"line":32,"column":11},"end":{"line":32,"column":14}},"loc":{"start":{"line":32,"column":16},"end":{"line":35,"column":5}}}},"branchMap":{"0":{"loc":{"start":{"line":16,"column":32},"end":{"line":16,"column":43}},"type":"default-arg","locations":[{"start":{"line":16,"column":40},"end":{"line":16,"column":43}}]},"1":{"loc":{"start":{"line":16,"column":45},"end":{"line":16,"column":57}},"type":"default-arg","locations":[{"start":{"line":16,"column":54},"end":{"line":16,"column":57}}]},"2":{"loc":{"start":{"line":22,"column":4},"end":{"line":22,"column":57}},"type":"if","locations":[{"start":{"line":22,"column":4},"end":{"line":22,"column":57}},{"start":{},"end":{}}]},"3":{"loc":{"start":{"line":22,"column":8},"end":{"line":22,"column":48}},"type":"binary-expr","locations":[{"start":{"line":22,"column":8},"end":{"line":22,"column":29}},{"start":{"line":22,"column":33},"end":{"line":22,"column":48}}]}},"s":{"0":0,"1":0,"2":0,"3":0,"4":0,"5":0,"6":0,"7":0,"8":0,"9":0},"f":{"0":0,"1":0,"2":0},"b":{"0":[0],"1":[0],"2":[0,0],"3":[0,0]}}
,"/Users/rkshah20/side-projects/carla-shadow-driver/v2/src/components/layout/Footer.tsx": {"path":"/Users/rkshah20/side-projects/carla-shadow-driver/v2/src/components/layout/Footer.tsx","statementMap":{"0":{"start":{"line":7,"column":23},"end":{"line":23,"column":4}},"1":{"start":{"line":25,"column":17},"end":{"line":25,"column":40}},"2":{"start":{"line":27,"column":2},"end":{"line":104,"column":4}}},"fnMap":{"0":{"name":"Footer","decl":{"start":{"line":6,"column":16},"end":{"line":6,"column":22}},"loc":{"start":{"line":6,"column":82},"end":{"line":105,"column":1}}}},"branchMap":{"0":{"loc":{"start":{"line":6,"column":25},"end":{"line":6,"column":51}},"type":"default-arg","locations":[{"start":{"line":6,"column":37},"end":{"line":6,"column":51}}]},"1":{"loc":{"start":{"line":6,"column":53},"end":{"line":6,"column":67}},"type":"default-arg","locations":[{"start":{"line":6,"column":65},"end":{"line":6,"column":67}}]},"2":{"loc":{"start":{"line":54,"column":17},"end":{"line":61,"column":null}},"type":"binary-expr","locations":[{"start":{"line":54,"column":17},"end":{"line":54,"column":29}},{"start":{"line":55,"column":18},"end":{"line":60,"column":null}}]},"3":{"loc":{"start":{"line":71,"column":18},"end":{"line":71,"column":74}},"type":"cond-expr","locations":[{"start":{"line":71,"column":46},"end":{"line":71,"column":59}},{"start":{"line":71,"column":62},"end":{"line":71,"column":74}}]},"4":{"loc":{"start":{"line":78,"column":20},"end":{"line":78,"column":78}},"type":"cond-expr","locations":[{"start":{"line":78,"column":48},"end":{"line":78,"column":60}},{"start":{"line":78,"column":63},"end":{"line":78,"column":78}}]}},"s":{"0":4,"1":4,"2":4},"f":{"0":4},"b":{"0":[0],"1":[4],"2":[4,0],"3":[0,4],"4":[0,4]}}
,"/Users/rkshah20/side-projects/carla-shadow-driver/v2/src/components/layout/Header.tsx": {"path":"/Users/rkshah20/side-projects/carla-shadow-driver/v2/src/components/layout/Header.tsx","statementMap":{"0":{"start":{"line":8,"column":46},"end":{"line":8,"column":61}},"1":{"start":{"line":10,"column":2},"end":{"line":92,"column":4}},"2":{"start":{"line":66,"column":27},"end":{"line":66,"column":61}},"3":{"start":{"line":102,"column":2},"end":{"line":116,"column":4}}},"fnMap":{"0":{"name":"Header","decl":{"start":{"line":7,"column":16},"end":{"line":7,"column":22}},"loc":{"start":{"line":7,"column":54},"end":{"line":93,"column":1}}},"1":{"name":"(anonymous_1)","decl":{"start":{"line":66,"column":21},"end":{"line":66,"column":24}},"loc":{"start":{"line":66,"column":27},"end":{"line":66,"column":61}}},"2":{"name":"NavLink","decl":{"start":{"line":101,"column":9},"end":{"line":101,"column":16}},"loc":{"start":{"line":101,"column":65},"end":{"line":117,"column":1}}}},"branchMap":{"0":{"loc":{"start":{"line":7,"column":25},"end":{"line":7,"column":39}},"type":"default-arg","locations":[{"start":{"line":7,"column":37},"end":{"line":7,"column":39}}]},"1":{"loc":{"start":{"line":101,"column":35},"end":{"line":101,"column":49}},"type":"default-arg","locations":[{"start":{"line":101,"column":44},"end":{"line":101,"column":49}}]},"2":{"loc":{"start":{"line":108,"column":10},"end":{"line":108,"column":66}},"type":"cond-expr","locations":[{"start":{"line":108,"column":19},"end":{"line":108,"column":31}},{"start":{"line":108,"column":34},"end":{"line":108,"column":66}}]},"3":{"loc":{"start":{"line":112,"column":7},"end":{"line":113,"column":null}},"type":"binary-expr","locations":[{"start":{"line":112,"column":7},"end":{"line":112,"column":13}},{"start":{"line":113,"column":8},"end":{"line":113,"column":115}}]}},"s":{"0":4,"1":4,"2":0,"3":12},"f":{"0":4,"1":0,"2":12},"b":{"0":[4],"1":[8],"2":[4,8],"3":[12,4]}}
,"/Users/rkshah20/side-projects/carla-shadow-driver/v2/src/components/layout/Layout.tsx": {"path":"/Users/rkshah20/side-projects/carla-shadow-driver/v2/src/components/layout/Layout.tsx","statementMap":{"0":{"start":{"line":18,"column":2},"end":{"line":28,"column":4}}},"fnMap":{"0":{"name":"Layout","decl":{"start":{"line":12,"column":16},"end":{"line":12,"column":22}},"loc":{"start":{"line":17,"column":14},"end":{"line":29,"column":1}}}},"branchMap":{"0":{"loc":{"start":{"line":14,"column":2},"end":{"line":14,"column":19}},"type":"default-arg","locations":[{"start":{"line":14,"column":15},"end":{"line":14,"column":19}}]},"1":{"loc":{"start":{"line":15,"column":2},"end":{"line":15,"column":19}},"type":"default-arg","locations":[{"start":{"line":15,"column":15},"end":{"line":15,"column":19}}]},"2":{"loc":{"start":{"line":16,"column":2},"end":{"line":16,"column":28}},"type":"default-arg","locations":[{"start":{"line":16,"column":14},"end":{"line":16,"column":28}}]},"3":{"loc":{"start":{"line":20,"column":7},"end":{"line":20,"column":31}},"type":"binary-expr","locations":[{"start":{"line":20,"column":7},"end":{"line":20,"column":17}},{"start":{"line":20,"column":21},"end":{"line":20,"column":31}}]},"4":{"loc":{"start":{"line":26,"column":7},"end":{"line":26,"column":53}},"type":"binary-expr","locations":[{"start":{"line":26,"column":7},"end":{"line":26,"column":17}},{"start":{"line":26,"column":21},"end":{"line":26,"column":53}}]}},"s":{"0":4},"f":{"0":4},"b":{"0":[4],"1":[4],"2":[0],"3":[4,4],"4":[4,4]}}
,"/Users/rkshah20/side-projects/carla-shadow-driver/v2/src/components/menu/MainMenu.tsx": {"path":"/Users/rkshah20/side-projects/carla-shadow-driver/v2/src/components/menu/MainMenu.tsx","statementMap":{"0":{"start":{"line":12,"column":42},"end":{"line":12,"column":73}},"1":{"start":{"line":13,"column":38},"end":{"line":13,"column":69}},"2":{"start":{"line":15,"column":27},"end":{"line":18,"column":3}},"3":{"start":{"line":16,"column":4},"end":{"line":16,"column":26}},"4":{"start":{"line":17,"column":4},"end":{"line":17,"column":25}},"5":{"start":{"line":20,"column":2},"end":{"line":112,"column":4}},"6":{"start":{"line":66,"column":25},"end":{"line":66,"column":54}},"7":{"start":{"line":67,"column":25},"end":{"line":67,"column":44}},"8":{"start":{"line":68,"column":26},"end":{"line":68,"column":58}},"9":{"start":{"line":82,"column":25},"end":{"line":82,"column":52}},"10":{"start":{"line":83,"column":25},"end":{"line":83,"column":44}},"11":{"start":{"line":84,"column":26},"end":{"line":84,"column":56}},"12":{"start":{"line":142,"column":19},"end":{"line":167,"column":4}},"13":{"start":{"line":169,"column":17},"end":{"line":169,"column":39}},"14":{"start":{"line":171,"column":2},"end":{"line":249,"column":4}},"15":{"start":{"line":223,"column":12},"end":{"line":223,"column":28}},"16":{"start":{"line":254,"column":2},"end":{"line":269,"column":4}},"17":{"start":{"line":273,"column":2},"end":{"line":284,"column":4}}},"fnMap":{"0":{"name":"MainMenu","decl":{"start":{"line":11,"column":16},"end":{"line":11,"column":24}},"loc":{"start":{"line":11,"column":56},"end":{"line":113,"column":1}}},"1":{"name":"(anonymous_1)","decl":{"start":{"line":15,"column":27},"end":{"line":15,"column":28}},"loc":{"start":{"line":15,"column":46},"end":{"line":18,"column":3}}},"2":{"name":"(anonymous_2)","decl":{"start":{"line":66,"column":19},"end":{"line":66,"column":22}},"loc":{"start":{"line":66,"column":25},"end":{"line":66,"column":54}}},"3":{"name":"(anonymous_3)","decl":{"start":{"line":67,"column":19},"end":{"line":67,"column":22}},"loc":{"start":{"line":67,"column":25},"end":{"line":67,"column":44}}},"4":{"name":"(anonymous_4)","decl":{"start":{"line":68,"column":20},"end":{"line":68,"column":23}},"loc":{"start":{"line":68,"column":26},"end":{"line":68,"column":58}}},"5":{"name":"(anonymous_5)","decl":{"start":{"line":82,"column":19},"end":{"line":82,"column":22}},"loc":{"start":{"line":82,"column":25},"end":{"line":82,"column":52}}},"6":{"name":"(anonymous_6)","decl":{"start":{"line":83,"column":19},"end":{"line":83,"column":22}},"loc":{"start":{"line":83,"column":25},"end":{"line":83,"column":44}}},"7":{"name":"(anonymous_7)","decl":{"start":{"line":84,"column":20},"end":{"line":84,"column":23}},"loc":{"start":{"line":84,"column":26},"end":{"line":84,"column":56}}},"8":{"name":"ModeCard","decl":{"start":{"line":130,"column":9},"end":{"line":130,"column":17}},"loc":{"start":{"line":141,"column":16},"end":{"line":250,"column":1}}},"9":{"name":"(anonymous_9)","decl":{"start":{"line":222,"column":24},"end":{"line":222,"column":25}},"loc":{"start":{"line":223,"column":12},"end":{"line":223,"column":28}}},"10":{"name":"HeadToHeadIcon","decl":{"start":{"line":253,"column":9},"end":{"line":253,"column":23}},"loc":{"start":{"line":253,"column":23},"end":{"line":270,"column":1}}},"11":{"name":"TimeTrialIcon","decl":{"start":{"line":272,"column":9},"end":{"line":272,"column":22}},"loc":{"start":{"line":272,"column":22},"end":{"line":285,"column":1}}}},"branchMap":{"0":{"loc":{"start":{"line":92,"column":19},"end":{"line":92,"column":53}},"type":"cond-expr","locations":[{"start":{"line":92,"column":34},"end":{"line":92,"column":43}},{"start":{"line":92,"column":46},"end":{"line":92,"column":53}}]},"1":{"loc":{"start":{"line":102,"column":11},"end":{"line":102,"column":58}},"type":"cond-expr","locations":[{"start":{"line":102,"column":26},"end":{"line":102,"column":40}},{"start":{"line":102,"column":43},"end":{"line":102,"column":58}}]},"2":{"loc":{"start":{"line":105,"column":9},"end":{"line":108,"column":null}},"type":"binary-expr","locations":[{"start":{"line":105,"column":9},"end":{"line":105,"column":21}},{"start":{"line":106,"column":10},"end":{"line":106,"column":null}}]},"3":{"loc":{"start":{"line":178,"column":10},"end":{"line":178,"column":80}},"type":"cond-expr","locations":[{"start":{"line":178,"column":23},"end":{"line":178,"column":64}},{"start":{"line":178,"column":67},"end":{"line":178,"column":80}}]},"4":{"loc":{"start":{"line":179,"column":10},"end":{"line":179,"column":56}},"type":"cond-expr","locations":[{"start":{"line":179,"column":37},"end":{"line":179,"column":51}},{"start":{"line":179,"column":54},"end":{"line":179,"column":56}}]},"5":{"loc":{"start":{"line":179,"column":10},"end":{"line":179,"column":34}},"type":"binary-expr","locations":[{"start":{"line":179,"column":10},"end":{"line":179,"column":20}},{"start":{"line":179,"column":24},"end":{"line":179,"column":34}}]},"6":{"loc":{"start":{"line":190,"column":12},"end":{"line":190,"column":57}},"type":"cond-expr","locations":[{"start":{"line":190,"column":39},"end":{"line":190,"column":52}},{"start":{"line":190,"column":55},"end":{"line":190,"column":57}}]},"7":{"loc":{"start":{"line":190,"column":12},"end":{"line":190,"column":36}},"type":"binary-expr","locations":[{"start":{"line":190,"column":12},"end":{"line":190,"column":22}},{"start":{"line":190,"column":26},"end":{"line":190,"column":36}}]},"8":{"loc":{"start":{"line":204,"column":14},"end":{"line":204,"column":70}},"type":"cond-expr","locations":[{"start":{"line":204,"column":41},"end":{"line":204,"column":52}},{"start":{"line":204,"column":55},"end":{"line":204,"column":70}}]},"9":{"loc":{"start":{"line":204,"column":14},"end":{"line":204,"column":38}},"type":"binary-expr","locations":[{"start":{"line":204,"column":14},"end":{"line":204,"column":24}},{"start":{"line":204,"column":28},"end":{"line":204,"column":38}}]},"10":{"loc":{"start":{"line":231,"column":9},"end":{"line":245,"column":null}},"type":"binary-expr","locations":[{"start":{"line":231,"column":9},"end":{"line":231,"column":19}},{"start":{"line":232,"column":10},"end":{"line":244,"column":null}}]}},"s":{"0":4,"1":4,"2":4,"3":0,"4":0,"5":4,"6":0,"7":0,"8":0,"9":0,"10":0,"11":0,"12":8,"13":8,"14":8,"15":24,"16":4,"17":4},"f":{"0":4,"1":0,"2":0,"3":0,"4":0,"5":0,"6":0,"7":0,"8":8,"9":24,"10":4,"11":4},"b":{"0":[0,4],"1":[0,4],"2":[4,0],"3":[0,8],"4":[0,8],"5":[8,8],"6":[0,8],"7":[8,8],"8":[0,8],"9":[8,8],"10":[8,0]}}
,"/Users/rkshah20/side-projects/carla-shadow-driver/v2/src/game/PhaserGame.ts": {"path":"/Users/rkshah20/side-projects/carla-shadow-driver/v2/src/game/PhaserGame.ts","statementMap":{"0":{"start":{"line":18,"column":51},"end":{"line":36,"column":4}},"1":{"start":{"line":38,"column":2},"end":{"line":38,"column":37}},"2":{"start":{"line":42,"column":2},"end":{"line":44,"column":3}},"3":{"start":{"line":43,"column":4},"end":{"line":43,"column":23}}},"fnMap":{"0":{"name":"createPhaserGame","decl":{"start":{"line":17,"column":16},"end":{"line":17,"column":32}},"loc":{"start":{"line":17,"column":57},"end":{"line":39,"column":1}}},"1":{"name":"destroyPhaserGame","decl":{"start":{"line":41,"column":16},"end":{"line":41,"column":33}},"loc":{"start":{"line":41,"column":58},"end":{"line":45,"column":1}}}},"branchMap":{"0":{"loc":{"start":{"line":21,"column":11},"end":{"line":21,"column":30}},"type":"binary-expr","locations":[{"start":{"line":21,"column":11},"end":{"line":21,"column":23}},{"start":{"line":21,"column":27},"end":{"line":21,"column":30}}]},"1":{"loc":{"start":{"line":22,"column":12},"end":{"line":22,"column":32}},"type":"binary-expr","locations":[{"start":{"line":22,"column":12},"end":{"line":22,"column":25}},{"start":{"line":22,"column":29},"end":{"line":22,"column":32}}]},"2":{"loc":{"start":{"line":42,"column":2},"end":{"line":44,"column":3}},"type":"if","locations":[{"start":{"line":42,"column":2},"end":{"line":44,"column":3}},{"start":{},"end":{}}]}},"s":{"0":0,"1":0,"2":0,"3":0},"f":{"0":0,"1":0},"b":{"0":[0,0],"1":[0,0],"2":[0,0]}}
,"/Users/rkshah20/side-projects/carla-shadow-driver/v2/src/game/scenes/BootScene.ts": {"path":"/Users/rkshah20/side-projects/carla-shadow-driver/v2/src/game/scenes/BootScene.ts","statementMap":{"0":{"start":{"line":13,"column":4},"end":{"line":13,"column":32}},"1":{"start":{"line":18,"column":24},"end":{"line":18,"column":43}},"2":{"start":{"line":19,"column":24},"end":{"line":19,"column":43}},"3":{"start":{"line":20,"column":4},"end":{"line":20,"column":41}},"4":{"start":{"line":21,"column":4},"end":{"line":26,"column":6}},"5":{"start":{"line":29,"column":24},"end":{"line":36,"column":null}},"6":{"start":{"line":38,"column":4},"end":{"line":38,"column":36}},"7":{"start":{"line":41,"column":24},"end":{"line":48,"column":null}},"8":{"start":{"line":50,"column":4},"end":{"line":50,"column":36}},"9":{"start":{"line":53,"column":4},"end":{"line":63,"column":7}},"10":{"start":{"line":54,"column":6},"end":{"line":54,"column":57}},"11":{"start":{"line":55,"column":6},"end":{"line":55,"column":26}},"12":{"start":{"line":56,"column":6},"end":{"line":56,"column":41}},"13":{"start":{"line":57,"column":6},"end":{"line":62,"column":8}},"14":{"start":{"line":65,"column":4},"end":{"line":70,"column":7}},"15":{"start":{"line":66,"column":6},"end":{"line":66,"column":28}},"16":{"start":{"line":67,"column":6},"end":{"line":67,"column":28}},"17":{"start":{"line":68,"column":6},"end":{"line":68,"column":28}},"18":{"start":{"line":69,"column":6},"end":{"line":69,"column":28}},"19":{"start":{"line":81,"column":17},"end":{"line":89,"column":null}},"20":{"start":{"line":91,"column":4},"end":{"line":91,"column":29}}},"fnMap":{"0":{"name":"(anonymous_0)","decl":{"start":{"line":12,"column":2},"end":{"line":12,"column":null}},"loc":{"start":{"line":12,"column":2},"end":{"line":14,"column":3}}},"1":{"name":"(anonymous_1)","decl":{"start":{"line":16,"column":2},"end":{"line":16,"column":9}},"loc":{"start":{"line":16,"column":9},"end":{"line":77,"column":3}}},"2":{"name":"(anonymous_2)","decl":{"start":{"line":53,"column":29},"end":{"line":53,"column":30}},"loc":{"start":{"line":53,"column":47},"end":{"line":63,"column":5}}},"3":{"name":"(anonymous_3)","decl":{"start":{"line":65,"column":29},"end":{"line":65,"column":32}},"loc":{"start":{"line":65,"column":34},"end":{"line":70,"column":5}}},"4":{"name":"(anonymous_4)","decl":{"start":{"line":79,"column":2},"end":{"line":79,"column":8}},"loc":{"start":{"line":79,"column":8},"end":{"line":95,"column":3}}}},"branchMap":{},"s":{"0":0,"1":0,"2":0,"3":0,"4":0,"5":0,"6":0,"7":0,"8":0,"9":0,"10":0,"11":0,"12":0,"13":0,"14":0,"15":0,"16":0,"17":0,"18":0,"19":0,"20":0},"f":{"0":0,"1":0,"2":0,"3":0,"4":0},"b":{}}
}
