TN:
SF:src/App.tsx
FN:10,App
FN:14,(anonymous_1)
FN:20,(anonymous_2)
FNF:3
FNH:1
FNDA:4,App
FNDA:0,(anonymous_1)
FNDA:0,(anonymous_2)
DA:11,4
DA:12,4
DA:14,4
DA:15,0
DA:17,0
DA:20,4
DA:21,0
DA:22,0
DA:25,4
LF:9
LH:5
BRDA:27,0,0,4
BRDA:27,0,1,4
BRDA:31,1,0,4
BRDA:31,1,1,0
BRDA:50,2,0,0
BRDA:50,2,1,0
BRF:6
BRH:3
end_of_record
TN:
SF:src/components/common/Button.tsx
FN:53,Button
FNF:1
FNH:1
FNDA:4,Button
DA:16,1
DA:47,1
DA:65,4
LF:3
LH:3
BRDA:55,0,0,0
BRDA:56,1,0,0
BRDA:57,2,0,4
BRDA:60,3,0,4
BRDA:61,4,0,0
BRDA:75,5,0,0
BRDA:75,5,1,4
BRDA:78,6,0,4
BRDA:78,6,1,0
BRDA:81,7,0,0
BRDA:81,7,1,4
BRDA:104,8,0,4
BRDA:104,8,1,0
BRDA:106,9,0,4
BRDA:106,9,1,4
BRF:15
BRH:8
end_of_record
TN:
SF:src/components/common/Card.tsx
FN:56,Card
FN:90,CardHeader
FN:103,CardTitle
FN:116,CardDescription
FN:129,CardContent
FN:142,CardFooter
FNF:6
FNH:1
FNDA:8,Card
FNDA:0,CardHeader
FNDA:0,CardTitle
FNDA:0,CardDescription
FNDA:0,CardContent
FNDA:0,CardFooter
DA:13,1
DA:41,1
DA:49,1
DA:65,8
DA:91,0
DA:104,0
DA:117,0
DA:130,0
DA:143,0
LF:9
LH:4
BRDA:58,0,0,0
BRDA:59,1,0,8
BRDA:60,2,0,8
BRDA:61,3,0,0
BRDA:62,4,0,0
BRDA:73,5,0,0
BRDA:73,5,1,8
BRDA:74,6,0,0
BRDA:74,6,1,8
BRDA:90,7,0,0
BRDA:103,8,0,0
BRDA:116,9,0,0
BRDA:129,10,0,0
BRDA:142,11,0,0
BRF:14
BRH:4
end_of_record
TN:
SF:src/components/game/GameContainer.tsx
FN:16,GameContainer
FN:20,(anonymous_1)
FN:32,(anonymous_2)
FNF:3
FNH:0
FNDA:0,GameContainer
FNDA:0,(anonymous_1)
FNDA:0,(anonymous_2)
DA:17,0
DA:18,0
DA:20,0
DA:22,0
DA:25,0
DA:32,0
DA:33,0
DA:34,0
DA:38,0
LF:9
LH:0
BRDA:16,0,0,0
BRDA:16,1,0,0
BRDA:22,2,0,0
BRDA:22,2,1,0
BRDA:22,3,0,0
BRDA:22,3,1,0
BRF:6
BRH:0
end_of_record
TN:
SF:src/components/layout/Footer.tsx
FN:6,Footer
FNF:1
FNH:1
FNDA:4,Footer
DA:7,4
DA:25,4
DA:27,4
LF:3
LH:3
BRDA:6,0,0,0
BRDA:6,1,0,4
BRDA:54,2,0,4
BRDA:54,2,1,0
BRDA:71,3,0,0
BRDA:71,3,1,4
BRDA:78,4,0,0
BRDA:78,4,1,4
BRF:8
BRH:4
end_of_record
TN:
SF:src/components/layout/Header.tsx
FN:7,Header
FN:66,(anonymous_1)
FN:101,NavLink
FNF:3
FNH:2
FNDA:4,Header
FNDA:0,(anonymous_1)
FNDA:12,NavLink
DA:8,4
DA:10,4
DA:66,0
DA:102,12
LF:4
LH:3
BRDA:7,0,0,4
BRDA:101,1,0,8
BRDA:108,2,0,4
BRDA:108,2,1,8
BRDA:112,3,0,12
BRDA:112,3,1,4
BRF:6
BRH:6
end_of_record
TN:
SF:src/components/layout/Layout.tsx
FN:12,Layout
FNF:1
FNH:1
FNDA:4,Layout
DA:18,4
LF:1
LH:1
BRDA:14,0,0,4
BRDA:15,1,0,4
BRDA:16,2,0,0
BRDA:20,3,0,4
BRDA:20,3,1,4
BRDA:26,4,0,4
BRDA:26,4,1,4
BRF:7
BRH:6
end_of_record
TN:
SF:src/components/menu/MainMenu.tsx
FN:11,MainMenu
FN:15,(anonymous_1)
FN:66,(anonymous_2)
FN:67,(anonymous_3)
FN:68,(anonymous_4)
FN:82,(anonymous_5)
FN:83,(anonymous_6)
FN:84,(anonymous_7)
FN:130,ModeCard
FN:222,(anonymous_9)
FN:253,HeadToHeadIcon
FN:272,TimeTrialIcon
FNF:12
FNH:5
FNDA:4,MainMenu
FNDA:0,(anonymous_1)
FNDA:0,(anonymous_2)
FNDA:0,(anonymous_3)
FNDA:0,(anonymous_4)
FNDA:0,(anonymous_5)
FNDA:0,(anonymous_6)
FNDA:0,(anonymous_7)
FNDA:8,ModeCard
FNDA:24,(anonymous_9)
FNDA:4,HeadToHeadIcon
FNDA:4,TimeTrialIcon
DA:12,4
DA:13,4
DA:15,4
DA:16,0
DA:17,0
DA:20,4
DA:66,0
DA:67,0
DA:68,0
DA:82,0
DA:83,0
DA:84,0
DA:142,8
DA:169,8
DA:171,8
DA:223,24
DA:254,4
DA:273,4
LF:18
LH:10
BRDA:92,0,0,0
BRDA:92,0,1,4
BRDA:102,1,0,0
BRDA:102,1,1,4
BRDA:105,2,0,4
BRDA:105,2,1,0
BRDA:178,3,0,0
BRDA:178,3,1,8
BRDA:179,4,0,0
BRDA:179,4,1,8
BRDA:179,5,0,8
BRDA:179,5,1,8
BRDA:190,6,0,0
BRDA:190,6,1,8
BRDA:190,7,0,8
BRDA:190,7,1,8
BRDA:204,8,0,0
BRDA:204,8,1,8
BRDA:204,9,0,8
BRDA:204,9,1,8
BRDA:231,10,0,8
BRDA:231,10,1,0
BRF:22
BRH:14
end_of_record
TN:
SF:src/game/PhaserGame.ts
FN:17,createPhaserGame
FN:41,destroyPhaserGame
FNF:2
FNH:0
FNDA:0,createPhaserGame
FNDA:0,destroyPhaserGame
DA:18,0
DA:38,0
DA:42,0
DA:43,0
LF:4
LH:0
BRDA:21,0,0,0
BRDA:21,0,1,0
BRDA:22,1,0,0
BRDA:22,1,1,0
BRDA:42,2,0,0
BRDA:42,2,1,0
BRF:6
BRH:0
end_of_record
TN:
SF:src/game/scenes/BootScene.ts
FN:12,(anonymous_0)
FN:16,(anonymous_1)
FN:53,(anonymous_2)
FN:65,(anonymous_3)
FN:79,(anonymous_4)
FNF:5
FNH:0
FNDA:0,(anonymous_0)
FNDA:0,(anonymous_1)
FNDA:0,(anonymous_2)
FNDA:0,(anonymous_3)
FNDA:0,(anonymous_4)
DA:13,0
DA:18,0
DA:19,0
DA:20,0
DA:21,0
DA:29,0
DA:38,0
DA:41,0
DA:50,0
DA:53,0
DA:54,0
DA:55,0
DA:56,0
DA:57,0
DA:65,0
DA:66,0
DA:67,0
DA:68,0
DA:69,0
DA:81,0
DA:91,0
LF:21
LH:0
BRF:0
BRH:0
end_of_record
